05/29/2024 11:02:15 [Information] Start installing Hangfire SQL objects...
05/29/2024 11:02:19 [Information] Hangfire SQL objects installed.
05/29/2024 11:02:22 [Information] Starting Hangfire Server using job storage: 'SQL Server: 10.0.10.73@TestDb'
05/29/2024 11:02:22 [Information] Using the following options for SQL Server job storage: Queue poll interval: 00:00:00.
05/29/2024 11:02:22 [Information] Using the following options for Hangfire Server:
    Worker count: 20
    Listening queues: 'default'
    Shutdown timeout: 00:00:15
    Schedule polling interval: 00:00:15
05/29/2024 11:02:22 [Information] Server anita-fin-830:20300:37f7f422 successfully announced in 72,2804 ms
05/29/2024 11:02:22 [Information] Server anita-fin-830:20300:37f7f422 is starting the registered dispatchers: ServerWatchdog, ServerJobCancellationWatcher, ExpirationManager, CountersAggregator, SqlServerHeartbeatProcess, Worker, DelayedJobScheduler, RecurringJobScheduler...
05/29/2024 11:02:22 [Information] Server anita-fin-830:20300:37f7f422 all the dispatchers started
05/29/2024 11:02:22 [Information] 1 servers were removed due to timeout
05/29/2024 11:02:24 [Warning] Failed to process the job '1': an exception occurred. Retry attempt 1 of 10 will be performed in 00:00:25.
System.NotImplementedException: The method or operation is not implemented.
   at Domain.Scheduler.SchedulerService.AssetEndPeriod() in C:\Development\Msi\src\Domain\Scheduler\SchedulerService.cs:line 25
05/29/2024 11:02:53 [Warning] Failed to process the job '1': an exception occurred. Retry attempt 2 of 10 will be performed in 00:00:22.
System.NotImplementedException: The method or operation is not implemented.
   at Domain.Scheduler.SchedulerService.AssetEndPeriod() in C:\Development\Msi\src\Domain\Scheduler\SchedulerService.cs:line 25
05/29/2024 11:03:23 [Warning] Failed to process the job '1': an exception occurred. Retry attempt 3 of 10 will be performed in 00:01:19.
System.NotImplementedException: The method or operation is not implemented.
   at Domain.Scheduler.SchedulerService.AssetEndPeriod() in C:\Development\Msi\src\Domain\Scheduler\SchedulerService.cs:line 25
05/29/2024 11:04:54 [Warning] Failed to process the job '1': an exception occurred. Retry attempt 4 of 10 will be performed in 00:01:56.
System.NotImplementedException: The method or operation is not implemented.
   at Domain.Scheduler.SchedulerService.AssetEndPeriod() in C:\Development\Msi\src\Domain\Scheduler\SchedulerService.cs:line 25
05/29/2024 11:06:54 [Warning] Failed to process the job '1': an exception occurred. Retry attempt 5 of 10 will be performed in 00:05:11.
System.NotImplementedException: The method or operation is not implemented.
   at Domain.Scheduler.SchedulerService.AssetEndPeriod() in C:\Development\Msi\src\Domain\Scheduler\SchedulerService.cs:line 25
05/29/2024 11:12:11 [Warning] Failed to process the job '1': an exception occurred. Retry attempt 6 of 10 will be performed in 00:13:28.
System.NotImplementedException: The method or operation is not implemented.
   at Domain.Scheduler.SchedulerService.AssetEndPeriod() in C:\Development\Msi\src\Domain\Scheduler\SchedulerService.cs:line 25
05/29/2024 12:18:40 [Information] Start installing Hangfire SQL objects...
05/29/2024 12:18:41 [Information] Hangfire SQL objects installed.
05/29/2024 12:18:43 [Information] Starting Hangfire Server using job storage: 'SQL Server: 10.0.10.73@TestDb'
05/29/2024 12:18:43 [Information] Using the following options for SQL Server job storage: Queue poll interval: 00:00:00.
05/29/2024 12:18:43 [Information] Using the following options for Hangfire Server:
    Worker count: 20
    Listening queues: 'default'
    Shutdown timeout: 00:00:15
    Schedule polling interval: 00:00:15
05/29/2024 12:18:43 [Information] Server anita-fin-830:14256:872627e1 successfully announced in 54,6787 ms
05/29/2024 12:18:43 [Information] Server anita-fin-830:14256:872627e1 is starting the registered dispatchers: ServerWatchdog, ServerJobCancellationWatcher, ExpirationManager, CountersAggregator, SqlServerHeartbeatProcess, Worker, DelayedJobScheduler, RecurringJobScheduler...
05/29/2024 12:18:43 [Information] 1 servers were removed due to timeout
05/29/2024 12:18:43 [Information] Server anita-fin-830:14256:872627e1 all the dispatchers started
05/29/2024 12:18:44 [Warning] Failed to process the job '1': an exception occurred. Retry attempt 7 of 10 will be performed in 00:23:01.
System.NotImplementedException: The method or operation is not implemented.
   at Domain.Scheduler.SchedulerService.AssetEndPeriod() in C:\Development\Msi\src\Domain\Scheduler\SchedulerService.cs:line 25
05/29/2024 12:41:47 [Warning] Failed to process the job '1': an exception occurred. Retry attempt 8 of 10 will be performed in 00:43:52.
System.NotImplementedException: The method or operation is not implemented.
   at Domain.Scheduler.SchedulerService.AssetEndPeriod() in C:\Development\Msi\src\Domain\Scheduler\SchedulerService.cs:line 25
05/29/2024 13:25:53 [Warning] Failed to process the job '1': an exception occurred. Retry attempt 9 of 10 will be performed in 01:10:55.
System.NotImplementedException: The method or operation is not implemented.
   at Domain.Scheduler.SchedulerService.AssetEndPeriod() in C:\Development\Msi\src\Domain\Scheduler\SchedulerService.cs:line 25
05/29/2024 14:03:07 [Error] Failed executing DbCommand ("267"ms) [Parameters=[""], CommandType='Text', CommandTimeout='30']"
""SELECT [t].[Id], [t].[Capacity], [t].[CreatedBy], [t].[CreatedDate], [t].[CurrentOccupancy], [t].[IsActive], [t].[Name], [t].[UpdatedBy], [t].[UpdatedDate], [t].[YardQRCode]
FROM [tMstYarArea] AS [t]"
05/29/2024 14:03:07 [Error] An exception occurred while iterating over the results of a query for context type '"Data.ApplicationContext"'."
""Microsoft.Data.SqlClient.SqlException (0x80131904): Invalid object name 'tMstYarArea'.
   at Microsoft.Data.SqlClient.SqlCommand.<>c.<ExecuteDbDataReaderAsync>b__188_0(Task`1 result)
   at System.Threading.Tasks.ContinuationResultTaskFromResultTask`2.InnerInvoke()
   at System.Threading.ExecutionContext.RunInternal(ExecutionContext executionContext, ContextCallback callback, Object state)
--- End of stack trace from previous location ---
   at System.Threading.Tasks.Task.ExecuteWithThreadLocal(Task& currentTaskSlot, Thread threadPoolThread)
--- End of stack trace from previous location ---
   at Microsoft.EntityFrameworkCore.Storage.RelationalCommand.ExecuteReaderAsync(RelationalCommandParameterObject parameterObject, CancellationToken cancellationToken)
   at Microsoft.EntityFrameworkCore.Storage.RelationalCommand.ExecuteReaderAsync(RelationalCommandParameterObject parameterObject, CancellationToken cancellationToken)
   at Microsoft.EntityFrameworkCore.Query.Internal.SingleQueryingEnumerable`1.AsyncEnumerator.InitializeReaderAsync(AsyncEnumerator enumerator, CancellationToken cancellationToken)
   at Microsoft.EntityFrameworkCore.SqlServer.Storage.Internal.SqlServerExecutionStrategy.ExecuteAsync[TState,TResult](TState state, Func`4 operation, Func`4 verifySucceeded, CancellationToken cancellationToken)
   at Microsoft.EntityFrameworkCore.Query.Internal.SingleQueryingEnumerable`1.AsyncEnumerator.MoveNextAsync()
ClientConnectionId:5ce8ef0d-7719-405c-8a76-246d82567621
Error Number:208,State:1,Class:16"
Microsoft.Data.SqlClient.SqlException (0x80131904): Invalid object name 'tMstYarArea'.
   at Microsoft.Data.SqlClient.SqlCommand.<>c.<ExecuteDbDataReaderAsync>b__188_0(Task`1 result)
   at System.Threading.Tasks.ContinuationResultTaskFromResultTask`2.InnerInvoke()
   at System.Threading.ExecutionContext.RunInternal(ExecutionContext executionContext, ContextCallback callback, Object state)
--- End of stack trace from previous location ---
   at System.Threading.Tasks.Task.ExecuteWithThreadLocal(Task& currentTaskSlot, Thread threadPoolThread)
--- End of stack trace from previous location ---
   at Microsoft.EntityFrameworkCore.Storage.RelationalCommand.ExecuteReaderAsync(RelationalCommandParameterObject parameterObject, CancellationToken cancellationToken)
   at Microsoft.EntityFrameworkCore.Storage.RelationalCommand.ExecuteReaderAsync(RelationalCommandParameterObject parameterObject, CancellationToken cancellationToken)
   at Microsoft.EntityFrameworkCore.Query.Internal.SingleQueryingEnumerable`1.AsyncEnumerator.InitializeReaderAsync(AsyncEnumerator enumerator, CancellationToken cancellationToken)
   at Microsoft.EntityFrameworkCore.SqlServer.Storage.Internal.SqlServerExecutionStrategy.ExecuteAsync[TState,TResult](TState state, Func`4 operation, Func`4 verifySucceeded, CancellationToken cancellationToken)
   at Microsoft.EntityFrameworkCore.Query.Internal.SingleQueryingEnumerable`1.AsyncEnumerator.MoveNextAsync()
ClientConnectionId:5ce8ef0d-7719-405c-8a76-246d82567621
Error Number:208,State:1,Class:16
05/29/2024 14:03:12 [Error] Failed executing DbCommand ("24"ms) [Parameters=[""], CommandType='Text', CommandTimeout='30']"
""SELECT [t].[Id], [t].[Capacity], [t].[CreatedBy], [t].[CreatedDate], [t].[CurrentOccupancy], [t].[IsActive], [t].[Name], [t].[UpdatedBy], [t].[UpdatedDate], [t].[YardQRCode]
FROM [tMstYarArea] AS [t]"
05/29/2024 14:03:12 [Error] An exception occurred while iterating over the results of a query for context type '"Data.ApplicationContext"'."
""Microsoft.Data.SqlClient.SqlException (0x80131904): Invalid object name 'tMstYarArea'.
   at Microsoft.Data.SqlClient.SqlCommand.<>c.<ExecuteDbDataReaderAsync>b__188_0(Task`1 result)
   at System.Threading.Tasks.ContinuationResultTaskFromResultTask`2.InnerInvoke()
   at System.Threading.ExecutionContext.RunInternal(ExecutionContext executionContext, ContextCallback callback, Object state)
--- End of stack trace from previous location ---
   at System.Threading.Tasks.Task.ExecuteWithThreadLocal(Task& currentTaskSlot, Thread threadPoolThread)
--- End of stack trace from previous location ---
   at Microsoft.EntityFrameworkCore.Storage.RelationalCommand.ExecuteReaderAsync(RelationalCommandParameterObject parameterObject, CancellationToken cancellationToken)
   at Microsoft.EntityFrameworkCore.Storage.RelationalCommand.ExecuteReaderAsync(RelationalCommandParameterObject parameterObject, CancellationToken cancellationToken)
   at Microsoft.EntityFrameworkCore.Query.Internal.SingleQueryingEnumerable`1.AsyncEnumerator.InitializeReaderAsync(AsyncEnumerator enumerator, CancellationToken cancellationToken)
   at Microsoft.EntityFrameworkCore.SqlServer.Storage.Internal.SqlServerExecutionStrategy.ExecuteAsync[TState,TResult](TState state, Func`4 operation, Func`4 verifySucceeded, CancellationToken cancellationToken)
   at Microsoft.EntityFrameworkCore.Query.Internal.SingleQueryingEnumerable`1.AsyncEnumerator.MoveNextAsync()
ClientConnectionId:4ed9420e-5662-43e8-b53f-7cbb4125f63e
Error Number:208,State:1,Class:16"
Microsoft.Data.SqlClient.SqlException (0x80131904): Invalid object name 'tMstYarArea'.
   at Microsoft.Data.SqlClient.SqlCommand.<>c.<ExecuteDbDataReaderAsync>b__188_0(Task`1 result)
   at System.Threading.Tasks.ContinuationResultTaskFromResultTask`2.InnerInvoke()
   at System.Threading.ExecutionContext.RunInternal(ExecutionContext executionContext, ContextCallback callback, Object state)
--- End of stack trace from previous location ---
   at System.Threading.Tasks.Task.ExecuteWithThreadLocal(Task& currentTaskSlot, Thread threadPoolThread)
--- End of stack trace from previous location ---
   at Microsoft.EntityFrameworkCore.Storage.RelationalCommand.ExecuteReaderAsync(RelationalCommandParameterObject parameterObject, CancellationToken cancellationToken)
   at Microsoft.EntityFrameworkCore.Storage.RelationalCommand.ExecuteReaderAsync(RelationalCommandParameterObject parameterObject, CancellationToken cancellationToken)
   at Microsoft.EntityFrameworkCore.Query.Internal.SingleQueryingEnumerable`1.AsyncEnumerator.InitializeReaderAsync(AsyncEnumerator enumerator, CancellationToken cancellationToken)
   at Microsoft.EntityFrameworkCore.SqlServer.Storage.Internal.SqlServerExecutionStrategy.ExecuteAsync[TState,TResult](TState state, Func`4 operation, Func`4 verifySucceeded, CancellationToken cancellationToken)
   at Microsoft.EntityFrameworkCore.Query.Internal.SingleQueryingEnumerable`1.AsyncEnumerator.MoveNextAsync()
ClientConnectionId:4ed9420e-5662-43e8-b53f-7cbb4125f63e
Error Number:208,State:1,Class:16
05/29/2024 14:04:03 [Error] Failed executing DbCommand ("51"ms) [Parameters=[""], CommandType='Text', CommandTimeout='30']"
""SELECT [t].[Id], [t].[Capacity], [t].[CreatedBy], [t].[CreatedDate], [t].[CurrentOccupancy], [t].[IsActive], [t].[Name], [t].[UpdatedBy], [t].[UpdatedDate], [t].[YardQRCode]
FROM [tMstYarArea] AS [t]"
05/29/2024 14:04:03 [Error] An exception occurred while iterating over the results of a query for context type '"Data.ApplicationContext"'."
""Microsoft.Data.SqlClient.SqlException (0x80131904): Invalid object name 'tMstYarArea'.
   at Microsoft.Data.SqlClient.SqlCommand.<>c.<ExecuteDbDataReaderAsync>b__188_0(Task`1 result)
   at System.Threading.Tasks.ContinuationResultTaskFromResultTask`2.InnerInvoke()
   at System.Threading.ExecutionContext.RunInternal(ExecutionContext executionContext, ContextCallback callback, Object state)
--- End of stack trace from previous location ---
   at System.Threading.Tasks.Task.ExecuteWithThreadLocal(Task& currentTaskSlot, Thread threadPoolThread)
--- End of stack trace from previous location ---
   at Microsoft.EntityFrameworkCore.Storage.RelationalCommand.ExecuteReaderAsync(RelationalCommandParameterObject parameterObject, CancellationToken cancellationToken)
   at Microsoft.EntityFrameworkCore.Storage.RelationalCommand.ExecuteReaderAsync(RelationalCommandParameterObject parameterObject, CancellationToken cancellationToken)
   at Microsoft.EntityFrameworkCore.Query.Internal.SingleQueryingEnumerable`1.AsyncEnumerator.InitializeReaderAsync(AsyncEnumerator enumerator, CancellationToken cancellationToken)
   at Microsoft.EntityFrameworkCore.SqlServer.Storage.Internal.SqlServerExecutionStrategy.ExecuteAsync[TState,TResult](TState state, Func`4 operation, Func`4 verifySucceeded, CancellationToken cancellationToken)
   at Microsoft.EntityFrameworkCore.Query.Internal.SingleQueryingEnumerable`1.AsyncEnumerator.MoveNextAsync()
ClientConnectionId:5ce8ef0d-7719-405c-8a76-246d82567621
Error Number:208,State:1,Class:16"
Microsoft.Data.SqlClient.SqlException (0x80131904): Invalid object name 'tMstYarArea'.
   at Microsoft.Data.SqlClient.SqlCommand.<>c.<ExecuteDbDataReaderAsync>b__188_0(Task`1 result)
   at System.Threading.Tasks.ContinuationResultTaskFromResultTask`2.InnerInvoke()
   at System.Threading.ExecutionContext.RunInternal(ExecutionContext executionContext, ContextCallback callback, Object state)
--- End of stack trace from previous location ---
   at System.Threading.Tasks.Task.ExecuteWithThreadLocal(Task& currentTaskSlot, Thread threadPoolThread)
--- End of stack trace from previous location ---
   at Microsoft.EntityFrameworkCore.Storage.RelationalCommand.ExecuteReaderAsync(RelationalCommandParameterObject parameterObject, CancellationToken cancellationToken)
   at Microsoft.EntityFrameworkCore.Storage.RelationalCommand.ExecuteReaderAsync(RelationalCommandParameterObject parameterObject, CancellationToken cancellationToken)
   at Microsoft.EntityFrameworkCore.Query.Internal.SingleQueryingEnumerable`1.AsyncEnumerator.InitializeReaderAsync(AsyncEnumerator enumerator, CancellationToken cancellationToken)
   at Microsoft.EntityFrameworkCore.SqlServer.Storage.Internal.SqlServerExecutionStrategy.ExecuteAsync[TState,TResult](TState state, Func`4 operation, Func`4 verifySucceeded, CancellationToken cancellationToken)
   at Microsoft.EntityFrameworkCore.Query.Internal.SingleQueryingEnumerable`1.AsyncEnumerator.MoveNextAsync()
ClientConnectionId:5ce8ef0d-7719-405c-8a76-246d82567621
Error Number:208,State:1,Class:16
05/29/2024 14:04:12 [Error] Failed executing DbCommand ("18"ms) [Parameters=[""], CommandType='Text', CommandTimeout='30']"
""SELECT [t].[Id], [t].[Capacity], [t].[CreatedBy], [t].[CreatedDate], [t].[CurrentOccupancy], [t].[IsActive], [t].[Name], [t].[UpdatedBy], [t].[UpdatedDate], [t].[YardQRCode]
FROM [tMstYarArea] AS [t]"
05/29/2024 14:04:12 [Error] An exception occurred while iterating over the results of a query for context type '"Data.ApplicationContext"'."
""Microsoft.Data.SqlClient.SqlException (0x80131904): Invalid object name 'tMstYarArea'.
   at Microsoft.Data.SqlClient.SqlCommand.<>c.<ExecuteDbDataReaderAsync>b__188_0(Task`1 result)
   at System.Threading.Tasks.ContinuationResultTaskFromResultTask`2.InnerInvoke()
   at System.Threading.ExecutionContext.RunInternal(ExecutionContext executionContext, ContextCallback callback, Object state)
--- End of stack trace from previous location ---
   at System.Threading.Tasks.Task.ExecuteWithThreadLocal(Task& currentTaskSlot, Thread threadPoolThread)
--- End of stack trace from previous location ---
   at Microsoft.EntityFrameworkCore.Storage.RelationalCommand.ExecuteReaderAsync(RelationalCommandParameterObject parameterObject, CancellationToken cancellationToken)
   at Microsoft.EntityFrameworkCore.Storage.RelationalCommand.ExecuteReaderAsync(RelationalCommandParameterObject parameterObject, CancellationToken cancellationToken)
   at Microsoft.EntityFrameworkCore.Query.Internal.SingleQueryingEnumerable`1.AsyncEnumerator.InitializeReaderAsync(AsyncEnumerator enumerator, CancellationToken cancellationToken)
   at Microsoft.EntityFrameworkCore.SqlServer.Storage.Internal.SqlServerExecutionStrategy.ExecuteAsync[TState,TResult](TState state, Func`4 operation, Func`4 verifySucceeded, CancellationToken cancellationToken)
   at Microsoft.EntityFrameworkCore.Query.Internal.SingleQueryingEnumerable`1.AsyncEnumerator.MoveNextAsync()
ClientConnectionId:5ce8ef0d-7719-405c-8a76-246d82567621
Error Number:208,State:1,Class:16"
Microsoft.Data.SqlClient.SqlException (0x80131904): Invalid object name 'tMstYarArea'.
   at Microsoft.Data.SqlClient.SqlCommand.<>c.<ExecuteDbDataReaderAsync>b__188_0(Task`1 result)
   at System.Threading.Tasks.ContinuationResultTaskFromResultTask`2.InnerInvoke()
   at System.Threading.ExecutionContext.RunInternal(ExecutionContext executionContext, ContextCallback callback, Object state)
--- End of stack trace from previous location ---
   at System.Threading.Tasks.Task.ExecuteWithThreadLocal(Task& currentTaskSlot, Thread threadPoolThread)
--- End of stack trace from previous location ---
   at Microsoft.EntityFrameworkCore.Storage.RelationalCommand.ExecuteReaderAsync(RelationalCommandParameterObject parameterObject, CancellationToken cancellationToken)
   at Microsoft.EntityFrameworkCore.Storage.RelationalCommand.ExecuteReaderAsync(RelationalCommandParameterObject parameterObject, CancellationToken cancellationToken)
   at Microsoft.EntityFrameworkCore.Query.Internal.SingleQueryingEnumerable`1.AsyncEnumerator.InitializeReaderAsync(AsyncEnumerator enumerator, CancellationToken cancellationToken)
   at Microsoft.EntityFrameworkCore.SqlServer.Storage.Internal.SqlServerExecutionStrategy.ExecuteAsync[TState,TResult](TState state, Func`4 operation, Func`4 verifySucceeded, CancellationToken cancellationToken)
   at Microsoft.EntityFrameworkCore.Query.Internal.SingleQueryingEnumerable`1.AsyncEnumerator.MoveNextAsync()
ClientConnectionId:5ce8ef0d-7719-405c-8a76-246d82567621
Error Number:208,State:1,Class:16
05/29/2024 14:04:56 [Error] Failed executing DbCommand ("106"ms) [Parameters=[""], CommandType='Text', CommandTimeout='30']"
""SELECT [t].[Id], [t].[Capacity], [t].[CreatedBy], [t].[CreatedDate], [t].[CurrentOccupancy], [t].[IsActive], [t].[Name], [t].[UpdatedBy], [t].[UpdatedDate], [t].[YardQRCode]
FROM [tMstYarArea] AS [t]"
05/29/2024 14:04:56 [Error] An exception occurred while iterating over the results of a query for context type '"Data.ApplicationContext"'."
""Microsoft.Data.SqlClient.SqlException (0x80131904): Invalid object name 'tMstYarArea'.
   at Microsoft.Data.SqlClient.SqlCommand.<>c.<ExecuteDbDataReaderAsync>b__188_0(Task`1 result)
   at System.Threading.Tasks.ContinuationResultTaskFromResultTask`2.InnerInvoke()
   at System.Threading.ExecutionContext.RunInternal(ExecutionContext executionContext, ContextCallback callback, Object state)
--- End of stack trace from previous location ---
   at System.Threading.Tasks.Task.ExecuteWithThreadLocal(Task& currentTaskSlot, Thread threadPoolThread)
--- End of stack trace from previous location ---
   at Microsoft.EntityFrameworkCore.Storage.RelationalCommand.ExecuteReaderAsync(RelationalCommandParameterObject parameterObject, CancellationToken cancellationToken)
   at Microsoft.EntityFrameworkCore.Storage.RelationalCommand.ExecuteReaderAsync(RelationalCommandParameterObject parameterObject, CancellationToken cancellationToken)
   at Microsoft.EntityFrameworkCore.Query.Internal.SingleQueryingEnumerable`1.AsyncEnumerator.InitializeReaderAsync(AsyncEnumerator enumerator, CancellationToken cancellationToken)
   at Microsoft.EntityFrameworkCore.SqlServer.Storage.Internal.SqlServerExecutionStrategy.ExecuteAsync[TState,TResult](TState state, Func`4 operation, Func`4 verifySucceeded, CancellationToken cancellationToken)
   at Microsoft.EntityFrameworkCore.Query.Internal.SingleQueryingEnumerable`1.AsyncEnumerator.MoveNextAsync()
ClientConnectionId:5ce8ef0d-7719-405c-8a76-246d82567621
Error Number:208,State:1,Class:16"
Microsoft.Data.SqlClient.SqlException (0x80131904): Invalid object name 'tMstYarArea'.
   at Microsoft.Data.SqlClient.SqlCommand.<>c.<ExecuteDbDataReaderAsync>b__188_0(Task`1 result)
   at System.Threading.Tasks.ContinuationResultTaskFromResultTask`2.InnerInvoke()
   at System.Threading.ExecutionContext.RunInternal(ExecutionContext executionContext, ContextCallback callback, Object state)
--- End of stack trace from previous location ---
   at System.Threading.Tasks.Task.ExecuteWithThreadLocal(Task& currentTaskSlot, Thread threadPoolThread)
--- End of stack trace from previous location ---
   at Microsoft.EntityFrameworkCore.Storage.RelationalCommand.ExecuteReaderAsync(RelationalCommandParameterObject parameterObject, CancellationToken cancellationToken)
   at Microsoft.EntityFrameworkCore.Storage.RelationalCommand.ExecuteReaderAsync(RelationalCommandParameterObject parameterObject, CancellationToken cancellationToken)
   at Microsoft.EntityFrameworkCore.Query.Internal.SingleQueryingEnumerable`1.AsyncEnumerator.InitializeReaderAsync(AsyncEnumerator enumerator, CancellationToken cancellationToken)
   at Microsoft.EntityFrameworkCore.SqlServer.Storage.Internal.SqlServerExecutionStrategy.ExecuteAsync[TState,TResult](TState state, Func`4 operation, Func`4 verifySucceeded, CancellationToken cancellationToken)
   at Microsoft.EntityFrameworkCore.Query.Internal.SingleQueryingEnumerable`1.AsyncEnumerator.MoveNextAsync()
ClientConnectionId:5ce8ef0d-7719-405c-8a76-246d82567621
Error Number:208,State:1,Class:16
05/29/2024 14:05:02 [Error] Failed executing DbCommand ("38"ms) [Parameters=[""], CommandType='Text', CommandTimeout='30']"
""SELECT [t].[Id], [t].[Capacity], [t].[CreatedBy], [t].[CreatedDate], [t].[CurrentOccupancy], [t].[IsActive], [t].[Name], [t].[UpdatedBy], [t].[UpdatedDate], [t].[YardQRCode]
FROM [tMstYarArea] AS [t]"
05/29/2024 14:05:02 [Error] An exception occurred while iterating over the results of a query for context type '"Data.ApplicationContext"'."
""Microsoft.Data.SqlClient.SqlException (0x80131904): Invalid object name 'tMstYarArea'.
   at Microsoft.Data.SqlClient.SqlCommand.<>c.<ExecuteDbDataReaderAsync>b__188_0(Task`1 result)
   at System.Threading.Tasks.ContinuationResultTaskFromResultTask`2.InnerInvoke()
   at System.Threading.ExecutionContext.RunInternal(ExecutionContext executionContext, ContextCallback callback, Object state)
--- End of stack trace from previous location ---
   at System.Threading.Tasks.Task.ExecuteWithThreadLocal(Task& currentTaskSlot, Thread threadPoolThread)
--- End of stack trace from previous location ---
   at Microsoft.EntityFrameworkCore.Storage.RelationalCommand.ExecuteReaderAsync(RelationalCommandParameterObject parameterObject, CancellationToken cancellationToken)
   at Microsoft.EntityFrameworkCore.Storage.RelationalCommand.ExecuteReaderAsync(RelationalCommandParameterObject parameterObject, CancellationToken cancellationToken)
   at Microsoft.EntityFrameworkCore.Query.Internal.SingleQueryingEnumerable`1.AsyncEnumerator.InitializeReaderAsync(AsyncEnumerator enumerator, CancellationToken cancellationToken)
   at Microsoft.EntityFrameworkCore.SqlServer.Storage.Internal.SqlServerExecutionStrategy.ExecuteAsync[TState,TResult](TState state, Func`4 operation, Func`4 verifySucceeded, CancellationToken cancellationToken)
   at Microsoft.EntityFrameworkCore.Query.Internal.SingleQueryingEnumerable`1.AsyncEnumerator.MoveNextAsync()
ClientConnectionId:5ce8ef0d-7719-405c-8a76-246d82567621
Error Number:208,State:1,Class:16"
Microsoft.Data.SqlClient.SqlException (0x80131904): Invalid object name 'tMstYarArea'.
   at Microsoft.Data.SqlClient.SqlCommand.<>c.<ExecuteDbDataReaderAsync>b__188_0(Task`1 result)
   at System.Threading.Tasks.ContinuationResultTaskFromResultTask`2.InnerInvoke()
   at System.Threading.ExecutionContext.RunInternal(ExecutionContext executionContext, ContextCallback callback, Object state)
--- End of stack trace from previous location ---
   at System.Threading.Tasks.Task.ExecuteWithThreadLocal(Task& currentTaskSlot, Thread threadPoolThread)
--- End of stack trace from previous location ---
   at Microsoft.EntityFrameworkCore.Storage.RelationalCommand.ExecuteReaderAsync(RelationalCommandParameterObject parameterObject, CancellationToken cancellationToken)
   at Microsoft.EntityFrameworkCore.Storage.RelationalCommand.ExecuteReaderAsync(RelationalCommandParameterObject parameterObject, CancellationToken cancellationToken)
   at Microsoft.EntityFrameworkCore.Query.Internal.SingleQueryingEnumerable`1.AsyncEnumerator.InitializeReaderAsync(AsyncEnumerator enumerator, CancellationToken cancellationToken)
   at Microsoft.EntityFrameworkCore.SqlServer.Storage.Internal.SqlServerExecutionStrategy.ExecuteAsync[TState,TResult](TState state, Func`4 operation, Func`4 verifySucceeded, CancellationToken cancellationToken)
   at Microsoft.EntityFrameworkCore.Query.Internal.SingleQueryingEnumerable`1.AsyncEnumerator.MoveNextAsync()
ClientConnectionId:5ce8ef0d-7719-405c-8a76-246d82567621
Error Number:208,State:1,Class:16
05/29/2024 14:06:02 [Error] Failed executing DbCommand ("40"ms) [Parameters=[""], CommandType='Text', CommandTimeout='30']"
""SELECT [t].[Id], [t].[Capacity], [t].[CreatedBy], [t].[CreatedDate], [t].[CurrentOccupancy], [t].[IsActive], [t].[Name], [t].[UpdatedBy], [t].[UpdatedDate], [t].[YardQRCode]
FROM [tMstYarArea] AS [t]"
05/29/2024 14:06:02 [Error] An exception occurred while iterating over the results of a query for context type '"Data.ApplicationContext"'."
""Microsoft.Data.SqlClient.SqlException (0x80131904): Invalid object name 'tMstYarArea'.
   at Microsoft.Data.SqlClient.SqlCommand.<>c.<ExecuteDbDataReaderAsync>b__188_0(Task`1 result)
   at System.Threading.Tasks.ContinuationResultTaskFromResultTask`2.InnerInvoke()
   at System.Threading.ExecutionContext.RunInternal(ExecutionContext executionContext, ContextCallback callback, Object state)
--- End of stack trace from previous location ---
   at System.Threading.Tasks.Task.ExecuteWithThreadLocal(Task& currentTaskSlot, Thread threadPoolThread)
--- End of stack trace from previous location ---
   at Microsoft.EntityFrameworkCore.Storage.RelationalCommand.ExecuteReaderAsync(RelationalCommandParameterObject parameterObject, CancellationToken cancellationToken)
   at Microsoft.EntityFrameworkCore.Storage.RelationalCommand.ExecuteReaderAsync(RelationalCommandParameterObject parameterObject, CancellationToken cancellationToken)
   at Microsoft.EntityFrameworkCore.Query.Internal.SingleQueryingEnumerable`1.AsyncEnumerator.InitializeReaderAsync(AsyncEnumerator enumerator, CancellationToken cancellationToken)
   at Microsoft.EntityFrameworkCore.SqlServer.Storage.Internal.SqlServerExecutionStrategy.ExecuteAsync[TState,TResult](TState state, Func`4 operation, Func`4 verifySucceeded, CancellationToken cancellationToken)
   at Microsoft.EntityFrameworkCore.Query.Internal.SingleQueryingEnumerable`1.AsyncEnumerator.MoveNextAsync()
ClientConnectionId:5ce8ef0d-7719-405c-8a76-246d82567621
Error Number:208,State:1,Class:16"
Microsoft.Data.SqlClient.SqlException (0x80131904): Invalid object name 'tMstYarArea'.
   at Microsoft.Data.SqlClient.SqlCommand.<>c.<ExecuteDbDataReaderAsync>b__188_0(Task`1 result)
   at System.Threading.Tasks.ContinuationResultTaskFromResultTask`2.InnerInvoke()
   at System.Threading.ExecutionContext.RunInternal(ExecutionContext executionContext, ContextCallback callback, Object state)
--- End of stack trace from previous location ---
   at System.Threading.Tasks.Task.ExecuteWithThreadLocal(Task& currentTaskSlot, Thread threadPoolThread)
--- End of stack trace from previous location ---
   at Microsoft.EntityFrameworkCore.Storage.RelationalCommand.ExecuteReaderAsync(RelationalCommandParameterObject parameterObject, CancellationToken cancellationToken)
   at Microsoft.EntityFrameworkCore.Storage.RelationalCommand.ExecuteReaderAsync(RelationalCommandParameterObject parameterObject, CancellationToken cancellationToken)
   at Microsoft.EntityFrameworkCore.Query.Internal.SingleQueryingEnumerable`1.AsyncEnumerator.InitializeReaderAsync(AsyncEnumerator enumerator, CancellationToken cancellationToken)
   at Microsoft.EntityFrameworkCore.SqlServer.Storage.Internal.SqlServerExecutionStrategy.ExecuteAsync[TState,TResult](TState state, Func`4 operation, Func`4 verifySucceeded, CancellationToken cancellationToken)
   at Microsoft.EntityFrameworkCore.Query.Internal.SingleQueryingEnumerable`1.AsyncEnumerator.MoveNextAsync()
ClientConnectionId:5ce8ef0d-7719-405c-8a76-246d82567621
Error Number:208,State:1,Class:16
05/29/2024 14:06:04 [Error] Failed executing DbCommand ("19"ms) [Parameters=[""], CommandType='Text', CommandTimeout='30']"
""SELECT [t].[Id], [t].[Capacity], [t].[CreatedBy], [t].[CreatedDate], [t].[CurrentOccupancy], [t].[IsActive], [t].[Name], [t].[UpdatedBy], [t].[UpdatedDate], [t].[YardQRCode]
FROM [tMstYarArea] AS [t]"
05/29/2024 14:06:04 [Error] An exception occurred while iterating over the results of a query for context type '"Data.ApplicationContext"'."
""Microsoft.Data.SqlClient.SqlException (0x80131904): Invalid object name 'tMstYarArea'.
   at Microsoft.Data.SqlClient.SqlCommand.<>c.<ExecuteDbDataReaderAsync>b__188_0(Task`1 result)
   at System.Threading.Tasks.ContinuationResultTaskFromResultTask`2.InnerInvoke()
   at System.Threading.ExecutionContext.RunInternal(ExecutionContext executionContext, ContextCallback callback, Object state)
--- End of stack trace from previous location ---
   at System.Threading.Tasks.Task.ExecuteWithThreadLocal(Task& currentTaskSlot, Thread threadPoolThread)
--- End of stack trace from previous location ---
   at Microsoft.EntityFrameworkCore.Storage.RelationalCommand.ExecuteReaderAsync(RelationalCommandParameterObject parameterObject, CancellationToken cancellationToken)
   at Microsoft.EntityFrameworkCore.Storage.RelationalCommand.ExecuteReaderAsync(RelationalCommandParameterObject parameterObject, CancellationToken cancellationToken)
   at Microsoft.EntityFrameworkCore.Query.Internal.SingleQueryingEnumerable`1.AsyncEnumerator.InitializeReaderAsync(AsyncEnumerator enumerator, CancellationToken cancellationToken)
   at Microsoft.EntityFrameworkCore.SqlServer.Storage.Internal.SqlServerExecutionStrategy.ExecuteAsync[TState,TResult](TState state, Func`4 operation, Func`4 verifySucceeded, CancellationToken cancellationToken)
   at Microsoft.EntityFrameworkCore.Query.Internal.SingleQueryingEnumerable`1.AsyncEnumerator.MoveNextAsync()
ClientConnectionId:5ce8ef0d-7719-405c-8a76-246d82567621
Error Number:208,State:1,Class:16"
Microsoft.Data.SqlClient.SqlException (0x80131904): Invalid object name 'tMstYarArea'.
   at Microsoft.Data.SqlClient.SqlCommand.<>c.<ExecuteDbDataReaderAsync>b__188_0(Task`1 result)
   at System.Threading.Tasks.ContinuationResultTaskFromResultTask`2.InnerInvoke()
   at System.Threading.ExecutionContext.RunInternal(ExecutionContext executionContext, ContextCallback callback, Object state)
--- End of stack trace from previous location ---
   at System.Threading.Tasks.Task.ExecuteWithThreadLocal(Task& currentTaskSlot, Thread threadPoolThread)
--- End of stack trace from previous location ---
   at Microsoft.EntityFrameworkCore.Storage.RelationalCommand.ExecuteReaderAsync(RelationalCommandParameterObject parameterObject, CancellationToken cancellationToken)
   at Microsoft.EntityFrameworkCore.Storage.RelationalCommand.ExecuteReaderAsync(RelationalCommandParameterObject parameterObject, CancellationToken cancellationToken)
   at Microsoft.EntityFrameworkCore.Query.Internal.SingleQueryingEnumerable`1.AsyncEnumerator.InitializeReaderAsync(AsyncEnumerator enumerator, CancellationToken cancellationToken)
   at Microsoft.EntityFrameworkCore.SqlServer.Storage.Internal.SqlServerExecutionStrategy.ExecuteAsync[TState,TResult](TState state, Func`4 operation, Func`4 verifySucceeded, CancellationToken cancellationToken)
   at Microsoft.EntityFrameworkCore.Query.Internal.SingleQueryingEnumerable`1.AsyncEnumerator.MoveNextAsync()
ClientConnectionId:5ce8ef0d-7719-405c-8a76-246d82567621
Error Number:208,State:1,Class:16
05/29/2024 14:06:21 [Information] Server anita-fin-830:14256:872627e1 caught stopping signal...
05/29/2024 14:06:21 [Information] Server anita-fin-830:14256:872627e1 All dispatchers stopped
05/29/2024 14:06:21 [Information] Server anita-fin-830:14256:872627e1 successfully reported itself as stopped in 38,0897 ms
05/29/2024 14:06:21 [Information] Server anita-fin-830:14256:872627e1 has been stopped in total 82,6403 ms
05/29/2024 14:07:40 [Information] Start installing Hangfire SQL objects...
05/29/2024 14:07:41 [Information] Hangfire SQL objects installed.
05/29/2024 14:07:42 [Information] Starting Hangfire Server using job storage: 'SQL Server: 10.0.10.73@TestDb'
05/29/2024 14:07:42 [Information] Using the following options for SQL Server job storage: Queue poll interval: 00:00:00.
05/29/2024 14:07:42 [Information] Using the following options for Hangfire Server:
    Worker count: 20
    Listening queues: 'default'
    Shutdown timeout: 00:00:15
    Schedule polling interval: 00:00:15
05/29/2024 14:07:42 [Information] Server anita-fin-830:8836:bcb9234b successfully announced in 49,966 ms
05/29/2024 14:07:42 [Information] Server anita-fin-830:8836:bcb9234b is starting the registered dispatchers: ServerWatchdog, ServerJobCancellationWatcher, ExpirationManager, CountersAggregator, SqlServerHeartbeatProcess, Worker, DelayedJobScheduler, RecurringJobScheduler...
05/29/2024 14:07:42 [Information] Server anita-fin-830:8836:bcb9234b all the dispatchers started
05/29/2024 14:16:27 [Information] Start installing Hangfire SQL objects...
05/29/2024 14:16:28 [Information] Hangfire SQL objects installed.
05/29/2024 14:16:29 [Information] Starting Hangfire Server using job storage: 'SQL Server: 10.0.10.73@TestDb'
05/29/2024 14:16:29 [Information] Using the following options for SQL Server job storage: Queue poll interval: 00:00:00.
05/29/2024 14:16:29 [Information] Using the following options for Hangfire Server:
    Worker count: 20
    Listening queues: 'default'
    Shutdown timeout: 00:00:15
    Schedule polling interval: 00:00:15
05/29/2024 14:16:29 [Information] Server anita-fin-830:21836:7b05898f successfully announced in 72,8766 ms
05/29/2024 14:16:29 [Information] Server anita-fin-830:21836:7b05898f is starting the registered dispatchers: ServerWatchdog, ServerJobCancellationWatcher, ExpirationManager, CountersAggregator, SqlServerHeartbeatProcess, Worker, DelayedJobScheduler, RecurringJobScheduler...
05/29/2024 14:16:29 [Information] Server anita-fin-830:21836:7b05898f all the dispatchers started
05/29/2024 14:21:29 [Information] 1 servers were removed due to timeout
05/29/2024 14:37:03 [Warning] Failed to process the job '1': an exception occurred. Retry attempt 10 of 10 will be performed in 01:49:56.
System.NotImplementedException: The method or operation is not implemented.
   at Domain.Scheduler.SchedulerService.AssetEndPeriod() in C:\Development\Msi\src\Domain\Scheduler\SchedulerService.cs:line 25
05/29/2024 15:24:50 [Warning] Server anita-fin-830:21836:7b05898f encountered an exception while sending heartbeat
Microsoft.Data.SqlClient.SqlException (0x80131904): A network-related or instance-specific error occurred while establishing a connection to SQL Server. The server was not found or was not accessible. Verify that the instance name is correct and that SQL Server is configured to allow remote connections. (provider: Named Pipes Provider, error: 40 - Could not open a connection to SQL Server)
 ---> System.ComponentModel.Win32Exception (53): The network path was not found.
   at Microsoft.Data.SqlClient.SqlInternalConnection.OnError(SqlException exception, Boolean breakConnection, Action`1 wrapCloseInAction)
   at Microsoft.Data.SqlClient.TdsParser.ThrowExceptionAndWarning(TdsParserStateObject stateObj, Boolean callerHasConnectionLock, Boolean asyncClose)
   at Microsoft.Data.SqlClient.TdsParser.Connect(ServerInfo serverInfo, SqlInternalConnectionTds connHandler, Boolean ignoreSniOpenTimeout, Int64 timerExpire, Boolean encrypt, Boolean trustServerCert, Boolean integratedSecurity, Boolean withFailover, SqlAuthenticationMethod authType)
   at Microsoft.Data.SqlClient.SqlInternalConnectionTds.AttemptOneLogin(ServerInfo serverInfo, String newPassword, SecureString newSecurePassword, Boolean ignoreSniOpenTimeout, TimeoutTimer timeout, Boolean withFailover)
   at Microsoft.Data.SqlClient.SqlInternalConnectionTds.LoginNoFailover(ServerInfo serverInfo, String newPassword, SecureString newSecurePassword, Boolean redirectedUserInstance, SqlConnectionString connectionOptions, SqlCredential credential, TimeoutTimer timeout)
   at Microsoft.Data.SqlClient.SqlInternalConnectionTds.OpenLoginEnlist(TimeoutTimer timeout, SqlConnectionString connectionOptions, SqlCredential credential, String newPassword, SecureString newSecurePassword, Boolean redirectedUserInstance)
   at Microsoft.Data.SqlClient.SqlInternalConnectionTds..ctor(DbConnectionPoolIdentity identity, SqlConnectionString connectionOptions, SqlCredential credential, Object providerInfo, String newPassword, SecureString newSecurePassword, Boolean redirectedUserInstance, SqlConnectionString userConnectionOptions, SessionData reconnectSessionData, Boolean applyTransientFaultHandling, String accessToken, DbConnectionPool pool)
   at Microsoft.Data.SqlClient.SqlConnectionFactory.CreateConnection(DbConnectionOptions options, DbConnectionPoolKey poolKey, Object poolGroupProviderInfo, DbConnectionPool pool, DbConnection owningConnection, DbConnectionOptions userOptions)
   at Microsoft.Data.ProviderBase.DbConnectionFactory.CreatePooledConnection(DbConnectionPool pool, DbConnection owningObject, DbConnectionOptions options, DbConnectionPoolKey poolKey, DbConnectionOptions userOptions)
   at Microsoft.Data.ProviderBase.DbConnectionPool.CreateObject(DbConnection owningObject, DbConnectionOptions userOptions, DbConnectionInternal oldConnection)
   at Microsoft.Data.ProviderBase.DbConnectionPool.UserCreateRequest(DbConnection owningObject, DbConnectionOptions userOptions, DbConnectionInternal oldConnection)
   at Microsoft.Data.ProviderBase.DbConnectionPool.TryGetConnection(DbConnection owningObject, UInt32 waitForMultipleObjectsTimeout, Boolean allowCreate, Boolean onlyOneCheckConnection, DbConnectionOptions userOptions, DbConnectionInternal& connection)
   at Microsoft.Data.ProviderBase.DbConnectionPool.TryGetConnection(DbConnection owningObject, TaskCompletionSource`1 retry, DbConnectionOptions userOptions, DbConnectionInternal& connection)
   at Microsoft.Data.ProviderBase.DbConnectionFactory.TryGetConnection(DbConnection owningConnection, TaskCompletionSource`1 retry, DbConnectionOptions userOptions, DbConnectionInternal oldConnection, DbConnectionInternal& connection)
   at Microsoft.Data.ProviderBase.DbConnectionInternal.TryOpenConnectionInternal(DbConnection outerConnection, DbConnectionFactory connectionFactory, TaskCompletionSource`1 retry, DbConnectionOptions userOptions)
   at Microsoft.Data.SqlClient.SqlConnection.TryOpen(TaskCompletionSource`1 retry, SqlConnectionOverrides overrides)
   at Microsoft.Data.SqlClient.SqlConnection.Open(SqlConnectionOverrides overrides)
   at Hangfire.SqlServer.SqlServerStorage.CreateAndOpenConnection()
   at Hangfire.SqlServer.SqlServerStorage.UseConnection[T](DbConnection dedicatedConnection, Func`2 func)
   at Hangfire.SqlServer.SqlServerStorage.UseConnection(DbConnection dedicatedConnection, Action`1 action)
   at Hangfire.Server.ServerHeartbeatProcess.Execute(BackgroundProcessContext context)
ClientConnectionId:00000000-0000-0000-0000-000000000000
Error Number:53,State:0,Class:20
05/29/2024 15:24:50 [Error] Execution Worker is in the Failed state now due to an exception, execution will be retried no more than in 00:00:04
Microsoft.Data.SqlClient.SqlException (0x80131904): A network-related or instance-specific error occurred while establishing a connection to SQL Server. The server was not found or was not accessible. Verify that the instance name is correct and that SQL Server is configured to allow remote connections. (provider: Named Pipes Provider, error: 40 - Could not open a connection to SQL Server)
 ---> System.ComponentModel.Win32Exception (53): The network path was not found.
   at Microsoft.Data.ProviderBase.DbConnectionPool.TryGetConnection(DbConnection owningObject, UInt32 waitForMultipleObjectsTimeout, Boolean allowCreate, Boolean onlyOneCheckConnection, DbConnectionOptions userOptions, DbConnectionInternal& connection)
   at Microsoft.Data.ProviderBase.DbConnectionPool.TryGetConnection(DbConnection owningObject, TaskCompletionSource`1 retry, DbConnectionOptions userOptions, DbConnectionInternal& connection)
   at Microsoft.Data.ProviderBase.DbConnectionFactory.TryGetConnection(DbConnection owningConnection, TaskCompletionSource`1 retry, DbConnectionOptions userOptions, DbConnectionInternal oldConnection, DbConnectionInternal& connection)
   at Microsoft.Data.ProviderBase.DbConnectionInternal.TryOpenConnectionInternal(DbConnection outerConnection, DbConnectionFactory connectionFactory, TaskCompletionSource`1 retry, DbConnectionOptions userOptions)
   at Microsoft.Data.SqlClient.SqlConnection.TryOpen(TaskCompletionSource`1 retry, SqlConnectionOverrides overrides)
   at Microsoft.Data.SqlClient.SqlConnection.Open(SqlConnectionOverrides overrides)
   at Hangfire.SqlServer.SqlServerStorage.CreateAndOpenConnection()
   at Hangfire.SqlServer.SqlServerStorage.UseConnection[T](DbConnection dedicatedConnection, Func`2 func)
   at Hangfire.SqlServer.SqlServerJobQueue.DequeueUsingSlidingInvisibilityTimeout(String[] queues, CancellationToken cancellationToken)
   at Hangfire.SqlServer.SqlServerJobQueue.Dequeue(String[] queues, CancellationToken cancellationToken)
   at Hangfire.SqlServer.SqlServerConnection.FetchNextJob(String[] queues, CancellationToken cancellationToken)
   at Hangfire.Server.Worker.Execute(BackgroundProcessContext context)
   at Hangfire.Server.BackgroundProcessDispatcherBuilder.ExecuteProcess(Guid executionId, Object state)
   at Hangfire.Processing.BackgroundExecution.Run(Action`2 callback, Object state)
ClientConnectionId:00000000-0000-0000-0000-000000000000
Error Number:53,State:0,Class:20
05/29/2024 15:25:10 [Information] Execution DelayedJobScheduler recovered from the Faulted state after 00:01:02.5840422 and is in the Running state now
05/29/2024 15:25:10 [Information] Execution RecurringJobScheduler recovered from the Faulted state after 00:01:01.1056016 and is in the Running state now
05/29/2024 15:25:20 [Information] Server anita-fin-830:21836:7b05898f is now able to continue sending heartbeats
05/29/2024 16:38:11 [Information] Start installing Hangfire SQL objects...
05/29/2024 16:38:12 [Information] Hangfire SQL objects installed.
05/29/2024 16:38:13 [Information] Starting Hangfire Server using job storage: 'SQL Server: 10.0.10.73@TestDb'
05/29/2024 16:38:13 [Information] Using the following options for SQL Server job storage: Queue poll interval: 00:00:00.
05/29/2024 16:38:13 [Information] Using the following options for Hangfire Server:
    Worker count: 20
    Listening queues: 'default'
    Shutdown timeout: 00:00:15
    Schedule polling interval: 00:00:15
05/29/2024 16:38:13 [Information] Server anita-fin-830:13168:8d9c7393 successfully announced in 32,5141 ms
05/29/2024 16:38:13 [Information] Server anita-fin-830:13168:8d9c7393 is starting the registered dispatchers: ServerWatchdog, ServerJobCancellationWatcher, ExpirationManager, CountersAggregator, SqlServerHeartbeatProcess, Worker, DelayedJobScheduler, RecurringJobScheduler...
05/29/2024 16:38:13 [Information] Server anita-fin-830:13168:8d9c7393 all the dispatchers started
05/29/2024 16:38:13 [Information] 1 servers were removed due to timeout
05/29/2024 16:38:14 [Error] Failed to process the job '1': an exception occurred.
System.NotImplementedException: The method or operation is not implemented.
   at Domain.Scheduler.SchedulerService.AssetEndPeriod() in C:\Development\Msi\src\Domain\Scheduler\SchedulerService.cs:line 25
05/29/2024 17:02:19 [Information] Server anita-fin-830:13168:8d9c7393 caught stopping signal...
05/29/2024 17:02:19 [Information] Server anita-fin-830:13168:8d9c7393 All dispatchers stopped
05/29/2024 17:02:19 [Information] Server anita-fin-830:13168:8d9c7393 successfully reported itself as stopped in 30,7852 ms
05/29/2024 17:02:19 [Information] Server anita-fin-830:13168:8d9c7393 has been stopped in total 61,4471 ms
