10/09/2023 09:34:19 [Information] Start installing Hangfire SQL objects...
10/09/2023 09:34:22 [Warning] An exception occurred while trying to perform the migration. Retrying...
Microsoft.Data.SqlClient.SqlException (0x80131904): There is already an object named 'Job' in the database.
Installing Hangfire SQL objects...
Database schema [HangFire] already exists
Table [HangFire].[Schema] already exists
Current Hangfire schema version: none
Enabling HEAVY_MIGRATIONS, because we are installing objects from scratch
Installing schema version 1
   at Microsoft.Data.SqlClient.SqlConnection.OnError(SqlException exception, Boolean breakConnection, Action`1 wrapCloseInAction)
   at Microsoft.Data.SqlClient.TdsParser.ThrowExceptionAndWarning(TdsParserStateObject stateObj, Boolean callerHasConnectionLock, Boolean asyncClose)
   at Microsoft.Data.SqlClient.TdsParser.TryRun(RunBehavior runBehavior, SqlCommand cmdHandler, SqlDataReader dataStream, BulkCopySimpleResultSet bulkCopyHandler, TdsParserStateObject stateObj, Boolean& dataReady)
   at Microsoft.Data.SqlClient.SqlCommand.RunExecuteNonQueryTds(String methodName, Boolean isAsync, Int32 timeout, Boolean asyncWrite)
   at Microsoft.Data.SqlClient.SqlCommand.InternalExecuteNonQuery(TaskCompletionSource`1 completion, Boolean sendToPipe, Int32 timeout, Boolean& usedCache, Boolean asyncWrite, Boolean inRetry, String methodName)
   at Microsoft.Data.SqlClient.SqlCommand.ExecuteNonQuery()
   at Dapper.SqlMapper.ExecuteCommand(IDbConnection cnn, CommandDefinition& command, Action`2 paramReader)
   at Dapper.SqlMapper.ExecuteImpl(IDbConnection cnn, CommandDefinition& command)
   at Hangfire.SqlServer.SqlServerObjectsInstaller.Install(DbConnection connection, String schema, Boolean enableHeavyMigrations)
   at Hangfire.SqlServer.SqlServerStorage.<>c__DisplayClass37_0.<UseConnection>b__0(DbConnection connection)
   at Hangfire.SqlServer.SqlServerStorage.UseConnection[T](DbConnection dedicatedConnection, Func`2 func)
   at Hangfire.SqlServer.SqlServerStorage.Initialize()
ClientConnectionId:9c5f9a8f-a795-4d6c-9dc2-e180557873f4
Error Number:2714,State:6,Class:16
10/09/2023 09:34:22 [Warning] An exception occurred while trying to perform the migration. Retrying...
Microsoft.Data.SqlClient.SqlException (0x80131904): There is already an object named 'Job' in the database.
Installing Hangfire SQL objects...
Database schema [HangFire] already exists
Table [HangFire].[Schema] already exists
Current Hangfire schema version: none
Enabling HEAVY_MIGRATIONS, because we are installing objects from scratch
Installing schema version 1
   at Microsoft.Data.SqlClient.SqlConnection.OnError(SqlException exception, Boolean breakConnection, Action`1 wrapCloseInAction)
   at Microsoft.Data.SqlClient.TdsParser.ThrowExceptionAndWarning(TdsParserStateObject stateObj, Boolean callerHasConnectionLock, Boolean asyncClose)
   at Microsoft.Data.SqlClient.TdsParser.TryRun(RunBehavior runBehavior, SqlCommand cmdHandler, SqlDataReader dataStream, BulkCopySimpleResultSet bulkCopyHandler, TdsParserStateObject stateObj, Boolean& dataReady)
   at Microsoft.Data.SqlClient.SqlCommand.RunExecuteNonQueryTds(String methodName, Boolean isAsync, Int32 timeout, Boolean asyncWrite)
   at Microsoft.Data.SqlClient.SqlCommand.InternalExecuteNonQuery(TaskCompletionSource`1 completion, Boolean sendToPipe, Int32 timeout, Boolean& usedCache, Boolean asyncWrite, Boolean inRetry, String methodName)
   at Microsoft.Data.SqlClient.SqlCommand.ExecuteNonQuery()
   at Dapper.SqlMapper.ExecuteCommand(IDbConnection cnn, CommandDefinition& command, Action`2 paramReader)
   at Dapper.SqlMapper.ExecuteImpl(IDbConnection cnn, CommandDefinition& command)
   at Hangfire.SqlServer.SqlServerObjectsInstaller.Install(DbConnection connection, String schema, Boolean enableHeavyMigrations)
   at Hangfire.SqlServer.SqlServerStorage.<>c__DisplayClass37_0.<UseConnection>b__0(DbConnection connection)
   at Hangfire.SqlServer.SqlServerStorage.UseConnection[T](DbConnection dedicatedConnection, Func`2 func)
   at Hangfire.SqlServer.SqlServerStorage.Initialize()
ClientConnectionId:9c5f9a8f-a795-4d6c-9dc2-e180557873f4
Error Number:2714,State:6,Class:16
10/09/2023 09:34:22 [Warning] An exception occurred while trying to perform the migration.
Microsoft.Data.SqlClient.SqlException (0x80131904): There is already an object named 'Job' in the database.
Installing Hangfire SQL objects...
Database schema [HangFire] already exists
Table [HangFire].[Schema] already exists
Current Hangfire schema version: none
Enabling HEAVY_MIGRATIONS, because we are installing objects from scratch
Installing schema version 1
   at Microsoft.Data.SqlClient.SqlConnection.OnError(SqlException exception, Boolean breakConnection, Action`1 wrapCloseInAction)
   at Microsoft.Data.SqlClient.TdsParser.ThrowExceptionAndWarning(TdsParserStateObject stateObj, Boolean callerHasConnectionLock, Boolean asyncClose)
   at Microsoft.Data.SqlClient.TdsParser.TryRun(RunBehavior runBehavior, SqlCommand cmdHandler, SqlDataReader dataStream, BulkCopySimpleResultSet bulkCopyHandler, TdsParserStateObject stateObj, Boolean& dataReady)
   at Microsoft.Data.SqlClient.SqlCommand.RunExecuteNonQueryTds(String methodName, Boolean isAsync, Int32 timeout, Boolean asyncWrite)
   at Microsoft.Data.SqlClient.SqlCommand.InternalExecuteNonQuery(TaskCompletionSource`1 completion, Boolean sendToPipe, Int32 timeout, Boolean& usedCache, Boolean asyncWrite, Boolean inRetry, String methodName)
   at Microsoft.Data.SqlClient.SqlCommand.ExecuteNonQuery()
   at Dapper.SqlMapper.ExecuteCommand(IDbConnection cnn, CommandDefinition& command, Action`2 paramReader)
   at Dapper.SqlMapper.ExecuteImpl(IDbConnection cnn, CommandDefinition& command)
   at Hangfire.SqlServer.SqlServerObjectsInstaller.Install(DbConnection connection, String schema, Boolean enableHeavyMigrations)
   at Hangfire.SqlServer.SqlServerStorage.<>c__DisplayClass37_0.<UseConnection>b__0(DbConnection connection)
   at Hangfire.SqlServer.SqlServerStorage.UseConnection[T](DbConnection dedicatedConnection, Func`2 func)
   at Hangfire.SqlServer.SqlServerStorage.Initialize()
ClientConnectionId:9c5f9a8f-a795-4d6c-9dc2-e180557873f4
Error Number:2714,State:6,Class:16
10/09/2023 09:34:22 [Warning] Was unable to perform the Hangfire schema migration due to an exception. Ignore this message unless you've just installed or upgraded Hangfire.
Microsoft.Data.SqlClient.SqlException (0x80131904): There is already an object named 'Job' in the database.
Installing Hangfire SQL objects...
Database schema [HangFire] already exists
Table [HangFire].[Schema] already exists
Current Hangfire schema version: none
Enabling HEAVY_MIGRATIONS, because we are installing objects from scratch
Installing schema version 1
   at Microsoft.Data.SqlClient.SqlConnection.OnError(SqlException exception, Boolean breakConnection, Action`1 wrapCloseInAction)
   at Microsoft.Data.SqlClient.TdsParser.ThrowExceptionAndWarning(TdsParserStateObject stateObj, Boolean callerHasConnectionLock, Boolean asyncClose)
   at Microsoft.Data.SqlClient.TdsParser.TryRun(RunBehavior runBehavior, SqlCommand cmdHandler, SqlDataReader dataStream, BulkCopySimpleResultSet bulkCopyHandler, TdsParserStateObject stateObj, Boolean& dataReady)
   at Microsoft.Data.SqlClient.SqlCommand.RunExecuteNonQueryTds(String methodName, Boolean isAsync, Int32 timeout, Boolean asyncWrite)
   at Microsoft.Data.SqlClient.SqlCommand.InternalExecuteNonQuery(TaskCompletionSource`1 completion, Boolean sendToPipe, Int32 timeout, Boolean& usedCache, Boolean asyncWrite, Boolean inRetry, String methodName)
   at Microsoft.Data.SqlClient.SqlCommand.ExecuteNonQuery()
   at Dapper.SqlMapper.ExecuteCommand(IDbConnection cnn, CommandDefinition& command, Action`2 paramReader)
   at Dapper.SqlMapper.ExecuteImpl(IDbConnection cnn, CommandDefinition& command)
   at Hangfire.SqlServer.SqlServerObjectsInstaller.Install(DbConnection connection, String schema, Boolean enableHeavyMigrations)
   at Hangfire.SqlServer.SqlServerStorage.<>c__DisplayClass37_0.<UseConnection>b__0(DbConnection connection)
   at Hangfire.SqlServer.SqlServerStorage.UseConnection[T](DbConnection dedicatedConnection, Func`2 func)
   at Hangfire.SqlServer.SqlServerStorage.Initialize()
ClientConnectionId:9c5f9a8f-a795-4d6c-9dc2-e180557873f4
Error Number:2714,State:6,Class:16
10/09/2023 09:34:27 [Information] Starting Hangfire Server using job storage: 'SQL Server: TNHOSM\ASETMANGEMENT@SeatManagement'
10/09/2023 09:34:27 [Information] Using the following options for SQL Server job storage: Queue poll interval: 00:00:00.
10/09/2023 09:34:27 [Information] Using the following options for Hangfire Server:
    Worker count: 20
    Listening queues: 'default'
    Shutdown timeout: 00:00:15
    Schedule polling interval: 00:00:15
10/09/2023 09:34:27 [Information] Server x360rarit1fbf:27624:293fb03c successfully announced in 154,8515 ms
10/09/2023 09:34:27 [Information] Server x360rarit1fbf:27624:293fb03c is starting the registered dispatchers: ServerWatchdog, ServerJobCancellationWatcher, ExpirationManager, CountersAggregator, SqlServerHeartbeatProcess, Worker, DelayedJobScheduler, RecurringJobScheduler...
10/09/2023 09:34:28 [Information] Server x360rarit1fbf:27624:293fb03c all the dispatchers started
10/09/2023 09:34:49 [Warning] Stopping the server due to DomainUnload or ProcessExit event...
10/09/2023 09:34:49 [Information] Server x360rarit1fbf:27624:293fb03c caught stopping signal...
10/09/2023 09:34:50 [Information] Server x360rarit1fbf:27624:293fb03c caught stopped signal...
10/09/2023 09:34:50 [Warning] Server x360rarit1fbf:27624:293fb03c caught shutdown signal...
10/09/2023 09:34:51 [Warning] Server x360rarit1fbf:27624:293fb03c stopped non-gracefully due to ServerWatchdog, ServerJobCancellationWatcher, ExpirationManager, CountersAggregator, SqlServerHeartbeatProcess, Worker, DelayedJobScheduler, RecurringJobScheduler. Outstanding work on those dispatchers could be aborted, and there can be delays in background processing. This server instance will be incorrectly shown as active for a while. To avoid non-graceful shutdowns, investigate what prevents from stopping gracefully and add CancellationToken support for those methods.
10/09/2023 09:35:24 [Information] Start installing Hangfire SQL objects...
10/09/2023 09:35:25 [Warning] An exception occurred while trying to perform the migration. Retrying...
Microsoft.Data.SqlClient.SqlException (0x80131904): There is already an object named 'Job' in the database.
Installing Hangfire SQL objects...
Database schema [HangFire] already exists
Table [HangFire].[Schema] already exists
Current Hangfire schema version: none
Enabling HEAVY_MIGRATIONS, because we are installing objects from scratch
Installing schema version 1
   at Microsoft.Data.SqlClient.SqlConnection.OnError(SqlException exception, Boolean breakConnection, Action`1 wrapCloseInAction)
   at Microsoft.Data.SqlClient.SqlInternalConnection.OnError(SqlException exception, Boolean breakConnection, Action`1 wrapCloseInAction)
   at Microsoft.Data.SqlClient.TdsParser.ThrowExceptionAndWarning(TdsParserStateObject stateObj, Boolean callerHasConnectionLock, Boolean asyncClose)
   at Microsoft.Data.SqlClient.TdsParser.TryRun(RunBehavior runBehavior, SqlCommand cmdHandler, SqlDataReader dataStream, BulkCopySimpleResultSet bulkCopyHandler, TdsParserStateObject stateObj, Boolean& dataReady)
   at Microsoft.Data.SqlClient.SqlCommand.RunExecuteNonQueryTds(String methodName, Boolean isAsync, Int32 timeout, Boolean asyncWrite)
   at Microsoft.Data.SqlClient.SqlCommand.InternalExecuteNonQuery(TaskCompletionSource`1 completion, Boolean sendToPipe, Int32 timeout, Boolean& usedCache, Boolean asyncWrite, Boolean inRetry, String methodName)
   at Microsoft.Data.SqlClient.SqlCommand.ExecuteNonQuery()
   at Dapper.SqlMapper.ExecuteCommand(IDbConnection cnn, CommandDefinition& command, Action`2 paramReader)
   at Dapper.SqlMapper.ExecuteImpl(IDbConnection cnn, CommandDefinition& command)
   at Dapper.SqlMapper.Execute(IDbConnection cnn, String sql, Object param, IDbTransaction transaction, Nullable`1 commandTimeout, Nullable`1 commandType)
   at Hangfire.SqlServer.SqlServerObjectsInstaller.Install(DbConnection connection, String schema, Boolean enableHeavyMigrations)
   at Hangfire.SqlServer.SqlServerStorage.<Initialize>b__46_0(DbConnection connection)
   at Hangfire.SqlServer.SqlServerStorage.<>c__DisplayClass37_0.<UseConnection>b__0(DbConnection connection)
   at Hangfire.SqlServer.SqlServerStorage.UseConnection[T](DbConnection dedicatedConnection, Func`2 func)
   at Hangfire.SqlServer.SqlServerStorage.Initialize()
ClientConnectionId:914e3304-9102-43be-943b-22bd7151537a
Error Number:2714,State:6,Class:16
10/09/2023 09:35:25 [Warning] An exception occurred while trying to perform the migration. Retrying...
Microsoft.Data.SqlClient.SqlException (0x80131904): There is already an object named 'Job' in the database.
Installing Hangfire SQL objects...
Database schema [HangFire] already exists
Table [HangFire].[Schema] already exists
Current Hangfire schema version: none
Enabling HEAVY_MIGRATIONS, because we are installing objects from scratch
Installing schema version 1
   at Microsoft.Data.SqlClient.SqlConnection.OnError(SqlException exception, Boolean breakConnection, Action`1 wrapCloseInAction)
   at Microsoft.Data.SqlClient.SqlInternalConnection.OnError(SqlException exception, Boolean breakConnection, Action`1 wrapCloseInAction)
   at Microsoft.Data.SqlClient.TdsParser.ThrowExceptionAndWarning(TdsParserStateObject stateObj, Boolean callerHasConnectionLock, Boolean asyncClose)
   at Microsoft.Data.SqlClient.TdsParser.TryRun(RunBehavior runBehavior, SqlCommand cmdHandler, SqlDataReader dataStream, BulkCopySimpleResultSet bulkCopyHandler, TdsParserStateObject stateObj, Boolean& dataReady)
   at Microsoft.Data.SqlClient.SqlCommand.RunExecuteNonQueryTds(String methodName, Boolean isAsync, Int32 timeout, Boolean asyncWrite)
   at Microsoft.Data.SqlClient.SqlCommand.InternalExecuteNonQuery(TaskCompletionSource`1 completion, Boolean sendToPipe, Int32 timeout, Boolean& usedCache, Boolean asyncWrite, Boolean inRetry, String methodName)
   at Microsoft.Data.SqlClient.SqlCommand.ExecuteNonQuery()
   at Dapper.SqlMapper.ExecuteCommand(IDbConnection cnn, CommandDefinition& command, Action`2 paramReader)
   at Dapper.SqlMapper.ExecuteImpl(IDbConnection cnn, CommandDefinition& command)
   at Dapper.SqlMapper.Execute(IDbConnection cnn, String sql, Object param, IDbTransaction transaction, Nullable`1 commandTimeout, Nullable`1 commandType)
   at Hangfire.SqlServer.SqlServerObjectsInstaller.Install(DbConnection connection, String schema, Boolean enableHeavyMigrations)
   at Hangfire.SqlServer.SqlServerStorage.<Initialize>b__46_0(DbConnection connection)
   at Hangfire.SqlServer.SqlServerStorage.<>c__DisplayClass37_0.<UseConnection>b__0(DbConnection connection)
   at Hangfire.SqlServer.SqlServerStorage.UseConnection[T](DbConnection dedicatedConnection, Func`2 func)
   at Hangfire.SqlServer.SqlServerStorage.Initialize()
ClientConnectionId:914e3304-9102-43be-943b-22bd7151537a
Error Number:2714,State:6,Class:16
10/09/2023 09:35:25 [Warning] An exception occurred while trying to perform the migration.
Microsoft.Data.SqlClient.SqlException (0x80131904): There is already an object named 'Job' in the database.
Installing Hangfire SQL objects...
Database schema [HangFire] already exists
Table [HangFire].[Schema] already exists
Current Hangfire schema version: none
Enabling HEAVY_MIGRATIONS, because we are installing objects from scratch
Installing schema version 1
   at Microsoft.Data.SqlClient.SqlConnection.OnError(SqlException exception, Boolean breakConnection, Action`1 wrapCloseInAction)
   at Microsoft.Data.SqlClient.SqlInternalConnection.OnError(SqlException exception, Boolean breakConnection, Action`1 wrapCloseInAction)
   at Microsoft.Data.SqlClient.TdsParser.ThrowExceptionAndWarning(TdsParserStateObject stateObj, Boolean callerHasConnectionLock, Boolean asyncClose)
   at Microsoft.Data.SqlClient.TdsParser.TryRun(RunBehavior runBehavior, SqlCommand cmdHandler, SqlDataReader dataStream, BulkCopySimpleResultSet bulkCopyHandler, TdsParserStateObject stateObj, Boolean& dataReady)
   at Microsoft.Data.SqlClient.SqlCommand.RunExecuteNonQueryTds(String methodName, Boolean isAsync, Int32 timeout, Boolean asyncWrite)
   at Microsoft.Data.SqlClient.SqlCommand.InternalExecuteNonQuery(TaskCompletionSource`1 completion, Boolean sendToPipe, Int32 timeout, Boolean& usedCache, Boolean asyncWrite, Boolean inRetry, String methodName)
   at Microsoft.Data.SqlClient.SqlCommand.ExecuteNonQuery()
   at Dapper.SqlMapper.ExecuteCommand(IDbConnection cnn, CommandDefinition& command, Action`2 paramReader)
   at Dapper.SqlMapper.ExecuteImpl(IDbConnection cnn, CommandDefinition& command)
   at Dapper.SqlMapper.Execute(IDbConnection cnn, String sql, Object param, IDbTransaction transaction, Nullable`1 commandTimeout, Nullable`1 commandType)
   at Hangfire.SqlServer.SqlServerObjectsInstaller.Install(DbConnection connection, String schema, Boolean enableHeavyMigrations)
   at Hangfire.SqlServer.SqlServerStorage.<Initialize>b__46_0(DbConnection connection)
   at Hangfire.SqlServer.SqlServerStorage.<>c__DisplayClass37_0.<UseConnection>b__0(DbConnection connection)
   at Hangfire.SqlServer.SqlServerStorage.UseConnection[T](DbConnection dedicatedConnection, Func`2 func)
   at Hangfire.SqlServer.SqlServerStorage.Initialize()
ClientConnectionId:914e3304-9102-43be-943b-22bd7151537a
Error Number:2714,State:6,Class:16
10/09/2023 09:35:25 [Warning] Was unable to perform the Hangfire schema migration due to an exception. Ignore this message unless you've just installed or upgraded Hangfire.
Microsoft.Data.SqlClient.SqlException (0x80131904): There is already an object named 'Job' in the database.
Installing Hangfire SQL objects...
Database schema [HangFire] already exists
Table [HangFire].[Schema] already exists
Current Hangfire schema version: none
Enabling HEAVY_MIGRATIONS, because we are installing objects from scratch
Installing schema version 1
   at Microsoft.Data.SqlClient.SqlConnection.OnError(SqlException exception, Boolean breakConnection, Action`1 wrapCloseInAction)
   at Microsoft.Data.SqlClient.SqlInternalConnection.OnError(SqlException exception, Boolean breakConnection, Action`1 wrapCloseInAction)
   at Microsoft.Data.SqlClient.TdsParser.ThrowExceptionAndWarning(TdsParserStateObject stateObj, Boolean callerHasConnectionLock, Boolean asyncClose)
   at Microsoft.Data.SqlClient.TdsParser.TryRun(RunBehavior runBehavior, SqlCommand cmdHandler, SqlDataReader dataStream, BulkCopySimpleResultSet bulkCopyHandler, TdsParserStateObject stateObj, Boolean& dataReady)
   at Microsoft.Data.SqlClient.SqlCommand.RunExecuteNonQueryTds(String methodName, Boolean isAsync, Int32 timeout, Boolean asyncWrite)
   at Microsoft.Data.SqlClient.SqlCommand.InternalExecuteNonQuery(TaskCompletionSource`1 completion, Boolean sendToPipe, Int32 timeout, Boolean& usedCache, Boolean asyncWrite, Boolean inRetry, String methodName)
   at Microsoft.Data.SqlClient.SqlCommand.ExecuteNonQuery()
   at Dapper.SqlMapper.ExecuteCommand(IDbConnection cnn, CommandDefinition& command, Action`2 paramReader)
   at Dapper.SqlMapper.ExecuteImpl(IDbConnection cnn, CommandDefinition& command)
   at Dapper.SqlMapper.Execute(IDbConnection cnn, String sql, Object param, IDbTransaction transaction, Nullable`1 commandTimeout, Nullable`1 commandType)
   at Hangfire.SqlServer.SqlServerObjectsInstaller.Install(DbConnection connection, String schema, Boolean enableHeavyMigrations)
   at Hangfire.SqlServer.SqlServerStorage.<Initialize>b__46_0(DbConnection connection)
   at Hangfire.SqlServer.SqlServerStorage.<>c__DisplayClass37_0.<UseConnection>b__0(DbConnection connection)
   at Hangfire.SqlServer.SqlServerStorage.UseConnection[T](DbConnection dedicatedConnection, Func`2 func)
   at Hangfire.SqlServer.SqlServerStorage.Initialize()
ClientConnectionId:914e3304-9102-43be-943b-22bd7151537a
Error Number:2714,State:6,Class:16
10/09/2023 09:35:27 [Information] Starting Hangfire Server using job storage: 'SQL Server: TNHOSM\ASETMANGEMENT@SeatManagement'
10/09/2023 09:35:27 [Information] Using the following options for SQL Server job storage: Queue poll interval: 00:00:00.
10/09/2023 09:35:27 [Information] Using the following options for Hangfire Server:
    Worker count: 20
    Listening queues: 'default'
    Shutdown timeout: 00:00:15
    Schedule polling interval: 00:00:15
10/09/2023 09:35:27 [Information] Server x360rarit1fbf:35152:bc0cb8f9 successfully announced in 25,7273 ms
10/09/2023 09:35:27 [Information] Server x360rarit1fbf:35152:bc0cb8f9 is starting the registered dispatchers: ServerWatchdog, ServerJobCancellationWatcher, ExpirationManager, CountersAggregator, SqlServerHeartbeatProcess, Worker, DelayedJobScheduler, RecurringJobScheduler...
10/09/2023 09:35:27 [Information] Server x360rarit1fbf:35152:bc0cb8f9 all the dispatchers started
10/09/2023 09:40:27 [Information] 1 servers were removed due to timeout
10/09/2023 10:15:15 [Warning] Stopping the server due to DomainUnload or ProcessExit event...
10/09/2023 10:15:15 [Information] Server x360rarit1fbf:35152:bc0cb8f9 caught stopping signal...
10/09/2023 10:15:15 [Information] Server x360rarit1fbf:35152:bc0cb8f9 caught stopped signal...
10/09/2023 10:15:15 [Warning] Server x360rarit1fbf:35152:bc0cb8f9 caught shutdown signal...
10/09/2023 10:15:15 [Warning] Server x360rarit1fbf:35152:bc0cb8f9 stopped non-gracefully due to ServerWatchdog, ServerJobCancellationWatcher, ExpirationManager, CountersAggregator, SqlServerHeartbeatProcess, Worker, DelayedJobScheduler, RecurringJobScheduler. Outstanding work on those dispatchers could be aborted, and there can be delays in background processing. This server instance will be incorrectly shown as active for a while. To avoid non-graceful shutdowns, investigate what prevents from stopping gracefully and add CancellationToken support for those methods.
10/09/2023 10:15:15 [Information] Server x360rarit1fbf:35152:bc0cb8f9 successfully reported itself as stopped in 108,3628 ms
10/09/2023 10:15:15 [Information] Server x360rarit1fbf:35152:bc0cb8f9 has been stopped in total 117,437 ms
10/09/2023 15:02:47 [Information] Start installing Hangfire SQL objects...
10/09/2023 15:02:50 [Warning] An exception occurred while trying to perform the migration. Retrying...
Microsoft.Data.SqlClient.SqlException (0x80131904): There is already an object named 'Job' in the database.
Installing Hangfire SQL objects...
Database schema [HangFire] already exists
Table [HangFire].[Schema] already exists
Current Hangfire schema version: none
Enabling HEAVY_MIGRATIONS, because we are installing objects from scratch
Installing schema version 1
   at Microsoft.Data.SqlClient.SqlConnection.OnError(SqlException exception, Boolean breakConnection, Action`1 wrapCloseInAction)
   at Microsoft.Data.SqlClient.TdsParser.ThrowExceptionAndWarning(TdsParserStateObject stateObj, Boolean callerHasConnectionLock, Boolean asyncClose)
   at Microsoft.Data.SqlClient.TdsParser.TryRun(RunBehavior runBehavior, SqlCommand cmdHandler, SqlDataReader dataStream, BulkCopySimpleResultSet bulkCopyHandler, TdsParserStateObject stateObj, Boolean& dataReady)
   at Microsoft.Data.SqlClient.SqlCommand.RunExecuteNonQueryTds(String methodName, Boolean isAsync, Int32 timeout, Boolean asyncWrite)
   at Microsoft.Data.SqlClient.SqlCommand.InternalExecuteNonQuery(TaskCompletionSource`1 completion, Boolean sendToPipe, Int32 timeout, Boolean& usedCache, Boolean asyncWrite, Boolean inRetry, String methodName)
   at Microsoft.Data.SqlClient.SqlCommand.ExecuteNonQuery()
   at Dapper.SqlMapper.ExecuteCommand(IDbConnection cnn, CommandDefinition& command, Action`2 paramReader)
   at Dapper.SqlMapper.ExecuteImpl(IDbConnection cnn, CommandDefinition& command)
   at Hangfire.SqlServer.SqlServerObjectsInstaller.Install(DbConnection connection, String schema, Boolean enableHeavyMigrations)
   at Hangfire.SqlServer.SqlServerStorage.<>c__DisplayClass37_0.<UseConnection>b__0(DbConnection connection)
   at Hangfire.SqlServer.SqlServerStorage.UseConnection[T](DbConnection dedicatedConnection, Func`2 func)
   at Hangfire.SqlServer.SqlServerStorage.Initialize()
ClientConnectionId:db76fd89-b7fc-4181-a09b-41c73ea6a122
Error Number:2714,State:6,Class:16
10/09/2023 15:02:50 [Warning] An exception occurred while trying to perform the migration. Retrying...
Microsoft.Data.SqlClient.SqlException (0x80131904): There is already an object named 'Job' in the database.
Installing Hangfire SQL objects...
Database schema [HangFire] already exists
Table [HangFire].[Schema] already exists
Current Hangfire schema version: none
Enabling HEAVY_MIGRATIONS, because we are installing objects from scratch
Installing schema version 1
   at Microsoft.Data.SqlClient.SqlConnection.OnError(SqlException exception, Boolean breakConnection, Action`1 wrapCloseInAction)
   at Microsoft.Data.SqlClient.TdsParser.ThrowExceptionAndWarning(TdsParserStateObject stateObj, Boolean callerHasConnectionLock, Boolean asyncClose)
   at Microsoft.Data.SqlClient.TdsParser.TryRun(RunBehavior runBehavior, SqlCommand cmdHandler, SqlDataReader dataStream, BulkCopySimpleResultSet bulkCopyHandler, TdsParserStateObject stateObj, Boolean& dataReady)
   at Microsoft.Data.SqlClient.SqlCommand.RunExecuteNonQueryTds(String methodName, Boolean isAsync, Int32 timeout, Boolean asyncWrite)
   at Microsoft.Data.SqlClient.SqlCommand.InternalExecuteNonQuery(TaskCompletionSource`1 completion, Boolean sendToPipe, Int32 timeout, Boolean& usedCache, Boolean asyncWrite, Boolean inRetry, String methodName)
   at Microsoft.Data.SqlClient.SqlCommand.ExecuteNonQuery()
   at Dapper.SqlMapper.ExecuteCommand(IDbConnection cnn, CommandDefinition& command, Action`2 paramReader)
   at Dapper.SqlMapper.ExecuteImpl(IDbConnection cnn, CommandDefinition& command)
   at Hangfire.SqlServer.SqlServerObjectsInstaller.Install(DbConnection connection, String schema, Boolean enableHeavyMigrations)
   at Hangfire.SqlServer.SqlServerStorage.<>c__DisplayClass37_0.<UseConnection>b__0(DbConnection connection)
   at Hangfire.SqlServer.SqlServerStorage.UseConnection[T](DbConnection dedicatedConnection, Func`2 func)
   at Hangfire.SqlServer.SqlServerStorage.Initialize()
ClientConnectionId:db76fd89-b7fc-4181-a09b-41c73ea6a122
Error Number:2714,State:6,Class:16
10/09/2023 15:02:50 [Warning] An exception occurred while trying to perform the migration.
Microsoft.Data.SqlClient.SqlException (0x80131904): There is already an object named 'Job' in the database.
Installing Hangfire SQL objects...
Database schema [HangFire] already exists
Table [HangFire].[Schema] already exists
Current Hangfire schema version: none
Enabling HEAVY_MIGRATIONS, because we are installing objects from scratch
Installing schema version 1
   at Microsoft.Data.SqlClient.SqlConnection.OnError(SqlException exception, Boolean breakConnection, Action`1 wrapCloseInAction)
   at Microsoft.Data.SqlClient.TdsParser.ThrowExceptionAndWarning(TdsParserStateObject stateObj, Boolean callerHasConnectionLock, Boolean asyncClose)
   at Microsoft.Data.SqlClient.TdsParser.TryRun(RunBehavior runBehavior, SqlCommand cmdHandler, SqlDataReader dataStream, BulkCopySimpleResultSet bulkCopyHandler, TdsParserStateObject stateObj, Boolean& dataReady)
   at Microsoft.Data.SqlClient.SqlCommand.RunExecuteNonQueryTds(String methodName, Boolean isAsync, Int32 timeout, Boolean asyncWrite)
   at Microsoft.Data.SqlClient.SqlCommand.InternalExecuteNonQuery(TaskCompletionSource`1 completion, Boolean sendToPipe, Int32 timeout, Boolean& usedCache, Boolean asyncWrite, Boolean inRetry, String methodName)
   at Microsoft.Data.SqlClient.SqlCommand.ExecuteNonQuery()
   at Dapper.SqlMapper.ExecuteCommand(IDbConnection cnn, CommandDefinition& command, Action`2 paramReader)
   at Dapper.SqlMapper.ExecuteImpl(IDbConnection cnn, CommandDefinition& command)
   at Hangfire.SqlServer.SqlServerObjectsInstaller.Install(DbConnection connection, String schema, Boolean enableHeavyMigrations)
   at Hangfire.SqlServer.SqlServerStorage.<>c__DisplayClass37_0.<UseConnection>b__0(DbConnection connection)
   at Hangfire.SqlServer.SqlServerStorage.UseConnection[T](DbConnection dedicatedConnection, Func`2 func)
   at Hangfire.SqlServer.SqlServerStorage.Initialize()
ClientConnectionId:db76fd89-b7fc-4181-a09b-41c73ea6a122
Error Number:2714,State:6,Class:16
10/09/2023 15:02:50 [Warning] Was unable to perform the Hangfire schema migration due to an exception. Ignore this message unless you've just installed or upgraded Hangfire.
Microsoft.Data.SqlClient.SqlException (0x80131904): There is already an object named 'Job' in the database.
Installing Hangfire SQL objects...
Database schema [HangFire] already exists
Table [HangFire].[Schema] already exists
Current Hangfire schema version: none
Enabling HEAVY_MIGRATIONS, because we are installing objects from scratch
Installing schema version 1
   at Microsoft.Data.SqlClient.SqlConnection.OnError(SqlException exception, Boolean breakConnection, Action`1 wrapCloseInAction)
   at Microsoft.Data.SqlClient.TdsParser.ThrowExceptionAndWarning(TdsParserStateObject stateObj, Boolean callerHasConnectionLock, Boolean asyncClose)
   at Microsoft.Data.SqlClient.TdsParser.TryRun(RunBehavior runBehavior, SqlCommand cmdHandler, SqlDataReader dataStream, BulkCopySimpleResultSet bulkCopyHandler, TdsParserStateObject stateObj, Boolean& dataReady)
   at Microsoft.Data.SqlClient.SqlCommand.RunExecuteNonQueryTds(String methodName, Boolean isAsync, Int32 timeout, Boolean asyncWrite)
   at Microsoft.Data.SqlClient.SqlCommand.InternalExecuteNonQuery(TaskCompletionSource`1 completion, Boolean sendToPipe, Int32 timeout, Boolean& usedCache, Boolean asyncWrite, Boolean inRetry, String methodName)
   at Microsoft.Data.SqlClient.SqlCommand.ExecuteNonQuery()
   at Dapper.SqlMapper.ExecuteCommand(IDbConnection cnn, CommandDefinition& command, Action`2 paramReader)
   at Dapper.SqlMapper.ExecuteImpl(IDbConnection cnn, CommandDefinition& command)
   at Hangfire.SqlServer.SqlServerObjectsInstaller.Install(DbConnection connection, String schema, Boolean enableHeavyMigrations)
   at Hangfire.SqlServer.SqlServerStorage.<>c__DisplayClass37_0.<UseConnection>b__0(DbConnection connection)
   at Hangfire.SqlServer.SqlServerStorage.UseConnection[T](DbConnection dedicatedConnection, Func`2 func)
   at Hangfire.SqlServer.SqlServerStorage.Initialize()
ClientConnectionId:db76fd89-b7fc-4181-a09b-41c73ea6a122
Error Number:2714,State:6,Class:16
10/09/2023 15:02:53 [Information] Starting Hangfire Server using job storage: 'SQL Server: TNHOSM\ASETMANGEMENT@SeatManagement'
10/09/2023 15:02:53 [Information] Using the following options for SQL Server job storage: Queue poll interval: 00:00:00.
10/09/2023 15:02:53 [Information] Using the following options for Hangfire Server:
    Worker count: 20
    Listening queues: 'default'
    Shutdown timeout: 00:00:15
    Schedule polling interval: 00:00:15
10/09/2023 15:02:53 [Information] Server x360rarit1fbf:29032:8da6bc7f successfully announced in 85,7487 ms
10/09/2023 15:02:53 [Information] Server x360rarit1fbf:29032:8da6bc7f is starting the registered dispatchers: ServerWatchdog, ServerJobCancellationWatcher, ExpirationManager, CountersAggregator, SqlServerHeartbeatProcess, Worker, DelayedJobScheduler, RecurringJobScheduler...
10/09/2023 15:02:54 [Information] Server x360rarit1fbf:29032:8da6bc7f all the dispatchers started
